Worker 2 has started.
Worker 3 has started.
Master processor : Reading ligandlist file and creating work pool.
Worker 1 has started.
Worker = 1 : ligand 'ZINC00058002.pdbqt' is processing...
Worker = 3 : ligand 'ZINC00058001.pdbqt' is processing...
Worker = 2 : ligand 'ZINC00058003.pdbqt' is processing...
Worker = 2 : ligand 'ZINC00058004.pdbqt' is processing...
Worker = 3 : ligand 'ZINC00058005.pdbqt' is processing...
Worker = 1 : ligand 'ZINC08385500.pdbqt' is processing...
Worker = 2 : ligand 'ZINC08385504.pdbqt' is processing...
Worker = 3 : ligand 'ZINC08386533.pdbqt' is processing...
Worker = 1 : ligand 'ZINC08395997.pdbqt' is processing...
Worker = 2 : ligand 'ZINC08396134.pdbqt' is processing...
Worker = 1 : ligand 'ZINC08396347.pdbqt' is processing...
Worker = 3 : ligand 'ZINC08396506.pdbqt' is processing...
Worker = 2 : ligand 'ZINC08396552.pdbqt' is processing...
Worker = 1 : ligand 'ZINC08396964.pdbqt' is processing...
Worker = 3 : ligand 'ZINC08397250.pdbqt' is processing...
Worker = 2 : ligand 'ZINC08397522.pdbqt' is processing...
Worker = 1 : ligand 'ZINC08397597.pdbqt' is processing...
Worker = 3 : ligand 'ZINC08397697.pdbqt' is processing...
Worker = 2 : ligand 'ZINC08397804.pdbqt' is processing...
Worker = 1 : ligand 'ZINC08397924.pdbqt' is processing...
Worker 3 has terminated.
Worker 2 has terminated.


..........................................
   Number of workers       = 3 
   Number of Lignds        = 20 
   Total time required     = 0.22 seconds.
..........................................

Worker 1 has terminated.
